This is pdfTeX, Version 3.14159265-2.6-1.40.20 (TeX Live 2019/W32TeX) (preloaded format=pdflatex 2019.9.27)  23 OCT 2019 15:13
entering extended mode
 restricted \write18 enabled.
 %&-line parsing enabled.
**CoperationResearch.tex
(./CoperationResearch.tex
LaTeX2e <2018-12-01>
(e:/LaTeX/TeX Live/2019/texmf-dist/tex/latex/kotex-oblivoir/oblivoir.cls
Document Class: oblivoir 
(e:/LaTeX/TeX Live/2019/texmf-dist/tex/latex/kotex-oblivoir/xoblivoir.cls
Document Class: xoblivoir 2015/07/27
(e:/LaTeX/TeX Live/2019/texmf-dist/tex/latex/xkeyval/xkeyval.sty
Package: xkeyval 2014/12/03 v2.7a package option processing (HA)

(e:/LaTeX/TeX Live/2019/texmf-dist/tex/generic/xkeyval/xkeyval.tex
(e:/LaTeX/TeX Live/2019/texmf-dist/tex/generic/xkeyval/xkvutils.tex
\XKV@toks=\toks14
\XKV@tempa@toks=\toks15

(e:/LaTeX/TeX Live/2019/texmf-dist/tex/generic/xkeyval/keyval.tex))
\XKV@depth=\count80
File: xkeyval.tex 2014/12/03 v2.7a key=value parser (HA)
))
(e:/LaTeX/TeX Live/2019/texmf-dist/tex/generic/iftex/iftex.sty
Package: iftex 2013/04/04 v0.2 Provides if(tex) conditional for PDFTeX, XeTeX, 
and LuaTeX
)
(e:/LaTeX/TeX Live/2019/texmf-dist/tex/latex/kotex-oblivoir/oblivoir-base.cls
Document Class: oblivoir-base 2015/10/19 v0.8.1 article-like class to typeset U
TF-8 korean using memoir.
\fa@setheight=\skip41
\fa@setwidth=\skip42
(e:/LaTeX/TeX Live/2019/texmf-dist/tex/latex/l3packages/xparse/xparse.sty
(e:/LaTeX/TeX Live/2019/texmf-dist/tex/latex/l3kernel/expl3.sty
Package: expl3 2019-09-19 L3 programming layer (loader) 

(e:/LaTeX/TeX Live/2019/texmf-dist/tex/latex/l3kernel/expl3-code.tex
Package: expl3 2019-09-19 L3 programming layer (code)
\c_max_int=\count81
\l_tmpa_int=\count82
\l_tmpb_int=\count83
\g_tmpa_int=\count84
\g_tmpb_int=\count85
\g__kernel_prg_map_int=\count86
\c__ior_term_noprompt_ior=\count87
\c_log_iow=\count88
\l_iow_line_count_int=\count89
\l__iow_line_target_int=\count90
\l__iow_one_indent_int=\count91
\l__iow_indent_int=\count92
\c_zero_dim=\dimen102
\c_max_dim=\dimen103
\l_tmpa_dim=\dimen104
\l_tmpb_dim=\dimen105
\g_tmpa_dim=\dimen106
\g_tmpb_dim=\dimen107
\c_zero_skip=\skip43
\c_max_skip=\skip44
\l_tmpa_skip=\skip45
\l_tmpb_skip=\skip46
\g_tmpa_skip=\skip47
\g_tmpb_skip=\skip48
\c_zero_muskip=\muskip10
\c_max_muskip=\muskip11
\l_tmpa_muskip=\muskip12
\l_tmpb_muskip=\muskip13
\g_tmpa_muskip=\muskip14
\g_tmpb_muskip=\muskip15
\l_keys_choice_int=\count93
\l__intarray_loop_int=\count94
\c__intarray_sp_dim=\dimen108
\g__intarray_font_int=\count95
\c__fp_leading_shift_int=\count96
\c__fp_middle_shift_int=\count97
\c__fp_trailing_shift_int=\count98
\c__fp_big_leading_shift_int=\count99
\c__fp_big_middle_shift_int=\count100
\c__fp_big_trailing_shift_int=\count101
\c__fp_Bigg_leading_shift_int=\count102
\c__fp_Bigg_middle_shift_int=\count103
\c__fp_Bigg_trailing_shift_int=\count104
\c__kernel_randint_max_int=\count105
\g__fp_array_int=\count106
\l__fp_array_loop_int=\count107
\l__sort_length_int=\count108
\l__sort_min_int=\count109
\l__sort_top_int=\count110
\l__sort_max_int=\count111
\l__sort_true_max_int=\count112
\l__sort_block_int=\count113
\l__sort_begin_int=\count114
\l__sort_end_int=\count115
\l__sort_A_int=\count116
\l__sort_B_int=\count117
\l__sort_C_int=\count118
\l__str_internal_int=\count119
\c__str_replacement_char_int=\count120
\l__tl_analysis_normal_int=\count121
\l__tl_analysis_index_int=\count122
\l__tl_analysis_nesting_int=\count123
\l__tl_analysis_type_int=\count124
\l__regex_internal_a_int=\count125
\l__regex_internal_b_int=\count126
\l__regex_internal_c_int=\count127
\l__regex_balance_int=\count128
\l__regex_group_level_int=\count129
\l__regex_mode_int=\count130
\c__regex_cs_in_class_mode_int=\count131
\c__regex_cs_mode_int=\count132
\l__regex_catcodes_int=\count133
\l__regex_default_catcodes_int=\count134
\c__regex_catcode_D_int=\count135
\c__regex_catcode_S_int=\count136
\c__regex_catcode_L_int=\count137
\c__regex_catcode_O_int=\count138
\c__regex_catcode_A_int=\count139
\c__regex_all_catcodes_int=\count140
\l__regex_show_lines_int=\count141
\l__regex_min_state_int=\count142
\l__regex_max_state_int=\count143
\l__regex_left_state_int=\count144
\l__regex_right_state_int=\count145
\l__regex_capturing_group_int=\count146
\l__regex_min_pos_int=\count147
\l__regex_max_pos_int=\count148
\l__regex_curr_pos_int=\count149
\l__regex_start_pos_int=\count150
\l__regex_success_pos_int=\count151
\l__regex_curr_char_int=\count152
\l__regex_curr_catcode_int=\count153
\l__regex_last_char_int=\count154
\l__regex_case_changed_char_int=\count155
\l__regex_curr_state_int=\count156
\l__regex_step_int=\count157
\l__regex_min_active_int=\count158
\l__regex_max_active_int=\count159
\l__regex_replacement_csnames_int=\count160
\l__regex_match_count_int=\count161
\l__regex_min_submatch_int=\count162
\l__regex_submatch_int=\count163
\l__regex_zeroth_submatch_int=\count164
\g__regex_trace_regex_int=\count165
\c_empty_box=\box27
\l_tmpa_box=\box28
\l_tmpb_box=\box29
\g_tmpa_box=\box30
\g_tmpb_box=\box31
\l__box_top_dim=\dimen109
\l__box_bottom_dim=\dimen110
\l__box_left_dim=\dimen111
\l__box_right_dim=\dimen112
\l__box_top_new_dim=\dimen113
\l__box_bottom_new_dim=\dimen114
\l__box_left_new_dim=\dimen115
\l__box_right_new_dim=\dimen116
\l__box_internal_box=\box32
\l__coffin_internal_box=\box33
\l__coffin_internal_dim=\dimen117
\l__coffin_offset_x_dim=\dimen118
\l__coffin_offset_y_dim=\dimen119
\l__coffin_x_dim=\dimen120
\l__coffin_y_dim=\dimen121
\l__coffin_x_prime_dim=\dimen122
\l__coffin_y_prime_dim=\dimen123
\c_empty_coffin=\box34
\l__coffin_aligned_coffin=\box35
\l__coffin_aligned_internal_coffin=\box36
\l_tmpa_coffin=\box37
\l_tmpb_coffin=\box38
\g_tmpa_coffin=\box39
\g_tmpb_coffin=\box40
\l__coffin_bounding_shift_dim=\dimen124
\l__coffin_left_corner_dim=\dimen125
\l__coffin_right_corner_dim=\dimen126
\l__coffin_bottom_corner_dim=\dimen127
\l__coffin_top_corner_dim=\dimen128
\l__coffin_scaled_total_height_dim=\dimen129
\l__coffin_scaled_width_dim=\dimen130
\c__coffin_empty_coffin=\box41
\l__coffin_display_coffin=\box42
\l__coffin_display_coord_coffin=\box43
\l__coffin_display_pole_coffin=\box44
\l__coffin_display_offset_dim=\dimen131
\l__coffin_display_x_dim=\dimen132
\l__coffin_display_y_dim=\dimen133
\g__char_data_ior=\read1
\l__seq_internal_a_int=\count166
\l__seq_internal_b_int=\count167
)
(e:/LaTeX/TeX Live/2019/texmf-dist/tex/latex/l3backend/l3backend-pdfmode.def
File: l3backend-pdfmode.def 2019-04-06 v L3 backend support: PDF mode
\l__kernel_color_stack_int=\count168
\l__pdf_internal_box=\box45
))
Package: xparse 2019-05-28 L3 Experimental document command parser
\l__xparse_current_arg_int=\count169
\g__xparse_grabber_int=\count170
\l__xparse_m_args_int=\count171
\l__xparse_v_nesting_int=\count172
) (e:/LaTeX/TeX Live/2019/texmf-dist/tex/latex/memoir/memoir.cls
Document Class: memoir 2018/12/12 v3.7h configurable book, report, article docu
ment class
\onelineskip=\skip49
\lxvchars=\skip50
\xlvchars=\skip51
\@memcnta=\count173
\c@@memmarkcntra=\count174
(e:/LaTeX/TeX Live/2019/texmf-dist/tex/generic/oberdiek/ifpdf.sty
Package: ifpdf 2018/09/07 v3.3 Provides the ifpdf switch
)
(e:/LaTeX/TeX Live/2019/texmf-dist/tex/latex/ifetex/ifetex.sty
Package: ifetex 2018/03/31 v1.2a ifetex

(e:/LaTeX/TeX Live/2019/texmf-dist/tex/plain/ifetex/ifetex.tex))
(e:/LaTeX/TeX Live/2019/texmf-dist/tex/generic/ifxetex/ifxetex.sty
Package: ifxetex 2010/09/12 v0.6 Provides ifxetex conditional
)
(e:/LaTeX/TeX Live/2019/texmf-dist/tex/generic/oberdiek/ifluatex.sty
Package: ifluatex 2016/05/16 v1.4 Provides the ifluatex switch (HO)
Package ifluatex Info: LuaTeX not detected.
)
\stockheight=\skip52
\stockwidth=\skip53
\trimtop=\skip54
\trimedge=\skip55

(e:/LaTeX/TeX Live/2019/texmf-dist/tex/latex/memoir/mem10.clo
File: mem10.clo 2008/01/30 v0.3 memoir class 10pt size option
)
\binding=\skip56
\spinemargin=\skip57
\foremargin=\skip58
\uppermargin=\skip59
\lowermargin=\skip60
\headdrop=\skip61
\normalrulethickness=\skip62
\mem@maxheadheight=\skip63
\mem@maxfootheight=\skip64
\headwidth=\skip65
\c@storedpagenumber=\count175
\memPD=\dimen134
\m@mabparskip=\skip66
\thanksmarkwidth=\skip67
\thanksmarksep=\skip68
\droptitle=\skip69
\c@book=\count176
\c@part=\count177
\c@chapter=\count178
\c@section=\count179
\c@subsection=\count180
\c@subsubsection=\count181
\c@paragraph=\count182
\c@subparagraph=\count183
\beforechapskip=\skip70
\midchapskip=\skip71
\afterchapskip=\skip72
\chapindent=\skip73
\bottomsectionskip=\skip74
\secindent=\skip75
\beforesecskip=\skip76
\aftersecskip=\skip77
\subsecindent=\skip78
\beforesubsecskip=\skip79
\aftersubsecskip=\skip80
\subsubsecindent=\skip81
\beforesubsubsecskip=\skip82
\aftersubsubsecskip=\skip83
\paraindent=\skip84
\beforeparaskip=\skip85
\afterparaskip=\skip86
\subparaindent=\skip87
\beforesubparaskip=\skip88
\aftersubparaskip=\skip89
\pfbreakskip=\skip90
\c@@ppsavesec=\count184
\c@@ppsaveapp=\count185
\ragrparindent=\dimen135
\everylistparindent=\dimen136
\parsepi=\skip91
\topsepi=\skip92
\itemsepi=\skip93
\parsepii=\skip94
\topsepii=\skip95
\topsepiii=\skip96
\itemsepii=\skip97
\itemsepiii=\skip98
\partopsepii=\skip99
\partopsepiii=\skip100
\m@msavetopsep=\skip101
\m@msavepartopsep=\skip102
\@enLab=\toks16
\abstitleskip=\skip103
\absleftindent=\skip104
\abs@leftindent=\dimen137
\absrightindent=\skip105
\absparindent=\skip106
\absparsep=\skip107
\c@vslineno=\count186
\c@poemline=\count187
\c@modulo@vs=\count188
\c@memfvsline=\count189
\vleftskip=\skip108
\vrightskip=\skip109
\stanzaskip=\skip110
\versewidth=\skip111
\vgap=\skip112
\vindent=\skip113
\vleftmargin=\dimen138
\c@verse=\count190
\c@chrsinstr=\count191
\beforepoemtitleskip=\skip114
\afterpoemtitleskip=\skip115
\c@poem=\count192
\beforePoemTitleskip=\skip116
\midPoemTitleskip=\skip117
\afterPoemTitleskip=\skip118

(e:/LaTeX/TeX Live/2019/texmf-dist/tex/latex/tools/array.sty
Package: array 2018/12/30 v2.4k Tabular extension package (FMi)
\col@sep=\dimen139
\ar@mcellbox=\box46
\extrarowheight=\dimen140
\NC@list=\toks17
\extratabsurround=\skip119
\backup@length=\skip120
\ar@cellbox=\box47
)
(e:/LaTeX/TeX Live/2019/texmf-dist/tex/latex/tools/dcolumn.sty
Package: dcolumn 2014/10/28 v1.06 decimal alignment package (DPC)
)
(e:/LaTeX/TeX Live/2019/texmf-dist/tex/latex/tools/delarray.sty
Package: delarray 2014/10/28 v1.01 array delimiter package (DPC)
)
(e:/LaTeX/TeX Live/2019/texmf-dist/tex/latex/tools/tabularx.sty
Package: tabularx 2016/02/03 v2.11b `tabularx' package (DPC)
\TX@col@width=\dimen141
\TX@old@table=\dimen142
\TX@old@col=\dimen143
\TX@target=\dimen144
\TX@delta=\dimen145
\TX@cols=\count193
\TX@ftn=\toks18
)
\heavyrulewidth=\dimen146
\lightrulewidth=\dimen147
\cmidrulewidth=\dimen148
\belowrulesep=\dimen149
\belowbottomsep=\dimen150
\aboverulesep=\dimen151
\abovetopsep=\dimen152
\cmidrulesep=\dimen153
\cmidrulekern=\dimen154
\defaultaddspace=\dimen155
\@cmidla=\count194
\@cmidlb=\count195
\@aboverulesep=\dimen156
\@belowrulesep=\dimen157
\@thisruleclass=\count196
\@lastruleclass=\count197
\@thisrulewidth=\dimen158
\ctableftskip=\skip121
\ctabrightskip=\skip122
\abovecolumnspenalty=\count198
\@linestogo=\count199
\@cellstogo=\count266
\@cellsincolumn=\count267
\crtok=\toks19
\@mincolumnwidth=\dimen159
\c@newflo@tctr=\count268
\mem@margin@floatbox=\box48
\@contcwidth=\skip123
\@contindw=\skip124
\abovecaptionskip=\skip125
\belowcaptionskip=\skip126
\subfloattopskip=\skip127
\subfloatcapskip=\skip128
\subfloatcaptopadj=\skip129
\subfloatbottomskip=\skip130
\subfloatlabelskip=\skip131
\subfloatcapmargin=\dimen160
\c@@contsubnum=\count269
\m@mscap@capbox=\box49
\m@mscap@fbox=\box50
\sidecapsep=\dimen161
\sidecapwidth=\dimen162
\m@m@tempdima=\dimen163
\m@mscapraise=\dimen164
\sidecapraise=\dimen165
\m@mscapmainwidth=\dimen166
\m@mscaplkern=\dimen167
\beforeepigraphskip=\skip132
\afterepigraphskip=\skip133
\epigraphwidth=\skip134
\epigraphrule=\skip135
LaTeX Info: Redefining \em on input line 7592.
LaTeX Info: Redefining \emph on input line 7600.
\tocentryskip=\skip136
\tocbaseline=\skip137
\cftparskip=\skip138
\cftbeforebookskip=\skip139
\cftbookindent=\dimen168
\cftbooknumwidth=\dimen169
\cftbeforepartskip=\skip140
\cftpartindent=\skip141
\cftpartnumwidth=\skip142
\cftbeforechapterskip=\skip143
\cftchapterindent=\skip144
\cftchapternumwidth=\skip145
\cftbeforesectionskip=\skip146
\cftsectionindent=\skip147
\cftsectionnumwidth=\skip148
\cftbeforesubsectionskip=\skip149
\cftsubsectionindent=\skip150
\cftsubsectionnumwidth=\skip151
\cftbeforesubsubsectionskip=\skip152
\cftsubsubsectionindent=\skip153
\cftsubsubsectionnumwidth=\skip154
\cftbeforeparagraphskip=\skip155
\cftparagraphindent=\skip156
\cftparagraphnumwidth=\skip157
\cftbeforesubparagraphskip=\skip158
\cftsubparagraphindent=\skip159
\cftsubparagraphnumwidth=\skip160
\prechapterprecisshift=\dimen170
\c@maxsecnumdepth=\count270
\bibindent=\dimen171
\bibitemsep=\skip161
\indexcolsep=\skip162
\indexrule=\skip163
\indexmarkstyle=\toks20
\@indexbox=\insert252
\glossarycolsep=\dimen172
\glossaryrule=\dimen173
\sideparvshift=\skip164
\sideins=\insert251
\sidebartopsep=\skip165
\sidebarhsep=\skip166
\sidebarvsep=\skip167
\sidebarwidth=\skip168
\footmarkwidth=\skip169
\footmarksep=\skip170
\footparindent=\skip171
\footinsdim=\skip172
\footinsv@r=\insert250
\@mpfootinsv@r=\insert249
\m@m@k=\count271
\m@m@h=\dimen174
\m@mipn@skip=\skip173
\sidefootins=\insert248
\sidefootadjust=\skip174
\sidefootheight=\skip175
\sidefoothsep=\skip176
\sidefootvsep=\skip177
\sidefootwidth=\skip178
\m@mdownsf=\skip179
\c@sidefootnote=\count272
\sidefootmarkwidth=\skip180
\sidefootmarksep=\skip181
\sidefootparindent=\skip182
\c@pagenote=\count273
\c@pagenoteshadow=\count274
\mem@pn@lastkern=\skip183
\every@verbatim=\toks21
\afterevery@verbatim=\toks22
\verbatim@line=\toks23
\tab@position=\count275
\verbatim@in@stream=\read2
\verbatimindent=\skip184
\verbatim@out=\write3
\bvboxsep=\skip185
\c@memfbvline=\count276
\c@bvlinectr=\count277
\bvnumlength=\skip186
\fb@frw=\dimen175
\fb@frh=\dimen176
\FrameRule=\dimen177
\FrameSep=\dimen178
\c@cp@cntr=\count278
LaTeX Info: Redefining \: on input line 12114.
LaTeX Info: Redefining \! on input line 12116.
\c@ism@mctr=\count279
\c@xsm@mctr=\count280
\c@csm@mctr=\count281
\c@ksm@mctr=\count282
\c@xksm@mctr=\count283
\c@cksm@mctr=\count284
\c@msm@mctr=\count285
\c@xmsm@mctr=\count286
\c@cmsm@mctr=\count287
\c@bsm@mctr=\count288
\c@workm@mctr=\count289
\c@sheetsequence=\count290
\c@lastsheet=\count291
\c@lastpage=\count292
\c@figure=\count293
\c@lofdepth=\count294
\cftbeforefigureskip=\skip187
\cftfigureindent=\skip188
\cftfigurenumwidth=\skip189
\c@table=\count295
\c@lotdepth=\count296
\cftbeforetableskip=\skip190
\cfttableindent=\skip191
\cfttablenumwidth=\skip192
Package abstract [2008/07/23] emulated by memoir.
Package appendix [2008/07/23] emulated by memoir.
Package booktabs [2016/05/16] emulated by memoir.
Package ccaption [2008/07/23] emulated by memoir.
Package changepage [2008/07/23] emulated by memoir.
Package chngcntr [2008/07/23] emulated by memoir.
Package chngpage [2008/07/23] emulated by memoir.
Package crop emulated by memoir.
Package enumerate [2008/07/23] emulated by memoir.
Package epigraph [2008/07/23] emulated by memoir.
Package ifmtarg [2008/07/23] emulated by memoir.
Package index [2008/07/23] emulated by memoir.
Package makeidx [2008/07/23] emulated by memoir.
Package moreverb [2008/07/23] emulated by memoir.
Package mparhack [2008/07/23] emulated by memoir.
Package needspace [2008/07/23] emulated by memoir.
Package newfile [2008/07/23] emulated by memoir.
Package nextpage [2008/07/23] emulated by memoir.
Package pagenote [2008/07/23] emulated by memoir.
Package parskip [2008/07/23] emulated by memoir.
Package patchcmd [2008/07/23] emulated by memoir.
Package setspace [2008/07/23] emulated by memoir.
Package shortvrb [2008/07/23] emulated by memoir.
Package showidx [2008/07/23] emulated by memoir.
Package titleref [2008/07/23] emulated by memoir.
Package titling [2008/07/23] emulated by memoir.
Package tocbibind [2008/07/23] emulated by memoir.
Package tocloft [2008/07/23] emulated by memoir.
Package tocvsec2 [2008/07/23] emulated by memoir.
Package verbatim [2008/07/23] emulated by memoir.
Package verse [2008/07/23] emulated by memoir.
)
(e:/LaTeX/TeX Live/2019/texmf-dist/tex/latex/kotex-oblivoir/memhangul-ucs/memha
ngul-ucs.sty
Package: memhangul-ucs 2014/06/12UCS Hangul Package for memoir class

memhangul-ucs v1.7.7 2014/06/12
(e:/LaTeX/TeX Live/2019/texmf-dist/tex/latex/kotex-utf/dhucs.sty
Package: dhucs 2012/11/08 v5.3.2 typesetting UTF-8 Korean documents

(e:/LaTeX/TeX Live/2019/texmf-dist/tex/latex/kotex-utf/kotexutf.sty
Package: kotexutf 2015/07/18 v2.1.1 typesetting UTF-8 Korean documents

(e:/LaTeX/TeX Live/2019/texmf-dist/tex/latex/base/inputenc.sty
Package: inputenc 2018/08/11 v1.3c Input encoding file
\inpenc@prehook=\toks24
\inpenc@posthook=\toks25
)
(e:/LaTeX/TeX Live/2019/texmf-dist/tex/plain/kotex-plain/kotexutf-core.tex
\unih@ngulpoint=\count297
\dhucs@emph@raise=\dimen179
)
Now handling font encoding LUC ...
... processing UTF-8 mapping file for font encoding LUC

(e:/LaTeX/TeX Live/2019/texmf-dist/tex/latex/kotex-utf/lucenc.dfu
File: lucenc.dfu 2007/09/05 UTF-8 support for dhucs
   defining Unicode char U+00B7 (decimal 183)
   defining Unicode char U+2018 (decimal 8216)
   defining Unicode char U+2019 (decimal 8217)
   defining Unicode char U+201C (decimal 8220)
   defining Unicode char U+201D (decimal 8221)
   defining Unicode char U+3001 (decimal 12289)
   defining Unicode char U+3002 (decimal 12290)
   defining Unicode char U+3008 (decimal 12296)
   defining Unicode char U+3009 (decimal 12297)
   defining Unicode char U+300A (decimal 12298)
   defining Unicode char U+300B (decimal 12299)
   defining Unicode char U+300C (decimal 12300)
   defining Unicode char U+300D (decimal 12301)
   defining Unicode char U+300E (decimal 12302)
   defining Unicode char U+300F (decimal 12303)
   defining Unicode char U+3010 (decimal 12304)
   defining Unicode char U+3011 (decimal 12305)
   defining Unicode char U+3014 (decimal 12308)
   defining Unicode char U+3015 (decimal 12309)
   defining Unicode char U+3016 (decimal 12310)
   defining Unicode char U+3017 (decimal 12311)
   defining Unicode char U+3018 (decimal 12312)
   defining Unicode char U+3019 (decimal 12313)
   defining Unicode char U+301A (decimal 12314)
   defining Unicode char U+301B (decimal 12315)
   defining Unicode char U+FF01 (decimal 65281)
   defining Unicode char U+FF08 (decimal 65288)
   defining Unicode char U+FF09 (decimal 65289)
   defining Unicode char U+FF0C (decimal 65292)
   defining Unicode char U+FF0E (decimal 65294)
   defining Unicode char U+FF1A (decimal 65306)
   defining Unicode char U+FF1B (decimal 65307)
   defining Unicode char U+FF1C (decimal 65308)
   defining Unicode char U+FF1D (decimal 65309)
   defining Unicode char U+FF1E (decimal 65310)
   defining Unicode char U+FF1F (decimal 65311)
   defining Unicode char U+FF3B (decimal 65339)
   defining Unicode char U+FF3D (decimal 65341)
   defining Unicode char U+FF5B (decimal 65371)
   defining Unicode char U+FF5D (decimal 65373)
   defining Unicode char U+FF61 (decimal 65377)
   defining Unicode char U+FF62 (decimal 65378)
   defining Unicode char U+FF63 (decimal 65379)
   defining Unicode char U+FF64 (decimal 65380)
   defining Unicode char U+FF65 (decimal 65381)
)
\@josa=\count298
\josatoks=\toks26

(e:/LaTeX/TeX Live/2019/texmf-dist/tex/latex/cjk-ko/kolabels-utf.sty
Package: kolabels-utf 2015/03/20 v1.5 UTF-8 Hangul item labels
)))
\memh@hu=\dimen180
\t@nch@ars=\skip193
\tmp@XXbox=\box51
\tmp@XXdim=\dimen181

(e:/LaTeX/TeX Live/2019/texmf-dist/tex/latex/kotex-oblivoir/memhangul-ucs/memha
ngul-common.sty
Package: memhangul-common 2015/10/15
\pghgheadwidth=\dimen182
\c@APPchapter=\count299
\c@APPsection=\count300
\c@APPsubsection=\count301
\togetheightoffont=\box52
\htoffnt=\skip194
\divnoteskip=\skip195

(e:/LaTeX/TeX Live/2019/texmf-dist/tex/latex/kotex-oblivoir/memhangul-ucs/memha
ngul-patch.sty)
(e:/LaTeX/TeX Live/2019/texmf-dist/tex/generic/oberdiek/hologo.sty
Package: hologo 2017/05/01 v1.13 A logo collection with bookmark support (HO)

(e:/LaTeX/TeX Live/2019/texmf-dist/tex/generic/oberdiek/ltxcmds.sty
Package: ltxcmds 2016/05/16 v1.23 LaTeX kernel commands for general use (HO)
)
(e:/LaTeX/TeX Live/2019/texmf-dist/tex/generic/oberdiek/infwarerr.sty
Package: infwarerr 2016/05/16 v1.4 Providing info/warning/error messages (HO)
)
(e:/LaTeX/TeX Live/2019/texmf-dist/tex/generic/oberdiek/kvsetkeys.sty
Package: kvsetkeys 2016/05/16 v1.17 Key value parser (HO)

(e:/LaTeX/TeX Live/2019/texmf-dist/tex/generic/oberdiek/etexcmds.sty
Package: etexcmds 2016/05/16 v1.6 Avoid name clashes with e-TeX commands (HO)
))
(e:/LaTeX/TeX Live/2019/texmf-dist/tex/generic/oberdiek/kvdefinekeys.sty
Package: kvdefinekeys 2016/05/16 v1.4 Define keys (HO)
)
(e:/LaTeX/TeX Live/2019/texmf-dist/tex/generic/oberdiek/pdftexcmds.sty
Package: pdftexcmds 2019/07/25 v0.30 Utility functions of pdfTeX for LuaTeX (HO
)
Package pdftexcmds Info: LuaTeX not detected.
Package pdftexcmds Info: \pdf@primitive is available.
Package pdftexcmds Info: \pdf@ifprimitive is available.
Package pdftexcmds Info: \pdfdraftmode found.
)
(e:/LaTeX/TeX Live/2019/texmf-dist/tex/generic/oberdiek/ifvtex.sty
Package: ifvtex 2016/05/16 v1.6 Detect VTeX and its facilities (HO)
Package ifvtex Info: VTeX not detected.
)
(e:/LaTeX/TeX Live/2019/texmf-dist/tex/latex/oberdiek/kvoptions.sty
Package: kvoptions 2016/05/16 v3.12 Key value format for package options (HO)
)
Package hologo Info: Using driver `pdftex'.
))
(e:/LaTeX/TeX Live/2019/texmf-dist/tex/latex/kotex-oblivoir/memhangul-ucs/memuc
s-interword.sty
Package: memucs-interword 2007/09/22
\BASE@FONTsize=\dimen183
\ORIG@spaceskip=\skip196
)
(e:/LaTeX/TeX Live/2019/texmf-dist/tex/latex/kotex-oblivoir/memhangul-ucs/memuc
s-setspace.sty
Package: memucs-setspace 2007/09/21 6.7-memucs8 Contributed and Supported LaTeX
2e package

Package: `memucs-setspace', a modified version of `setspace', 6.7-memucs8 <2007
/09/21>
)
   defining Unicode char U+00BC (decimal 188)
   defining Unicode char U+00BD (decimal 189)
   defining Unicode char U+00BE (decimal 190)
   defining Unicode char U+02D0 (decimal 720)
   defining Unicode char U+2025 (decimal 8229)
   defining Unicode char U+2026 (decimal 8230)
   defining Unicode char U+2015 (decimal 8213)
   defining Unicode char U+2312 (decimal 8978)
\raisedotdim=\dimen184
\dhucs@emph@width=\dimen185
\useremphraisedim=\dimen186
\tmp_user_emph_dim=\dimen187
)
(e:/LaTeX/TeX Live/2019/texmf-dist/tex/latex/kotex-oblivoir/memhangul-ucs/nanum
fontsel.sty
Package: nanumfontsel 
)
(e:/LaTeX/TeX Live/2019/texmf-dist/tex/generic/pdftex/glyphtounicode.tex)
(e:/LaTeX/TeX Live/2019/texmf-dist/tex/latex/kotex-utf/contrib/dhucs-cmap.sty
Package: dhucs-cmap 2007/06/16 searchable PDF for dhucs upon pdftex
)
\ob@hu=\dimen188

(e:/LaTeX/TeX Live/2019/texmf-dist/tex/latex/hyperref/hyperref.sty
Package: hyperref 2019/09/12 v6.88i Hypertext links for LaTeX

(e:/LaTeX/TeX Live/2019/texmf-dist/tex/generic/oberdiek/hobsub-hyperref.sty
Package: hobsub-hyperref 2016/05/16 v1.14 Bundle oberdiek, subset hyperref (HO)


(e:/LaTeX/TeX Live/2019/texmf-dist/tex/generic/oberdiek/hobsub-generic.sty
Package: hobsub-generic 2016/05/16 v1.14 Bundle oberdiek, subset generic (HO)
Package: hobsub 2016/05/16 v1.14 Construct package bundles (HO)
Package hobsub Info: Skipping package `infwarerr' (already loaded).
Package hobsub Info: Skipping package `ltxcmds' (already loaded).
Package hobsub Info: Skipping package `ifluatex' (already loaded).
Package hobsub Info: Skipping package `ifvtex' (already loaded).
Package: intcalc 2016/05/16 v1.2 Expandable calculations with integers (HO)
Package hobsub Info: Skipping package `ifpdf' (already loaded).
Package hobsub Info: Skipping package `etexcmds' (already loaded).
Package hobsub Info: Skipping package `kvsetkeys' (already loaded).
Package hobsub Info: Skipping package `kvdefinekeys' (already loaded).
Package hobsub Info: Skipping package `pdftexcmds' (already loaded).
Package: pdfescape 2016/05/16 v1.14 Implements pdfTeX's escape features (HO)
Package: bigintcalc 2016/05/16 v1.4 Expandable calculations on big integers (HO
)
Package: bitset 2016/05/16 v1.2 Handle bit-vector datatype (HO)
Package: uniquecounter 2016/05/16 v1.3 Provide unlimited unique counter (HO)
)
Package hobsub Info: Skipping package `hobsub' (already loaded).
Package: letltxmacro 2016/05/16 v1.5 Let assignment for LaTeX macros (HO)
Package: hopatch 2016/05/16 v1.3 Wrapper for package hooks (HO)
Package: xcolor-patch 2016/05/16 xcolor patch
Package: atveryend 2016/05/16 v1.9 Hooks at the very end of document (HO)
Package atveryend Info: \enddocument detected (standard20110627).
Package: atbegshi 2016/06/09 v1.18 At begin shipout hook (HO)
Package: refcount 2016/05/16 v3.5 Data extraction from label references (HO)
Package: hycolor 2016/05/16 v1.8 Color options for hyperref/bookmark (HO)
)
(e:/LaTeX/TeX Live/2019/texmf-dist/tex/latex/oberdiek/auxhook.sty
Package: auxhook 2016/05/16 v1.4 Hooks for auxiliary files (HO)
)
\@linkdim=\dimen189
\Hy@linkcounter=\count302
\Hy@pagecounter=\count303

(e:/LaTeX/TeX Live/2019/texmf-dist/tex/latex/hyperref/pd1enc.def
File: pd1enc.def 2019/09/12 v6.88i Hyperref: PDFDocEncoding definition (HO)
Now handling font encoding PD1 ...
... no UTF-8 mapping file for font encoding PD1
)
\Hy@SavedSpaceFactor=\count304

(e:/LaTeX/TeX Live/2019/texmf-dist/tex/latex/latexconfig/hyperref.cfg
File: hyperref.cfg 2002/06/06 v1.2 hyperref configuration of TeXLive
)
Package hyperref Info: Option `unicode' set `true' on input line 4424.

(e:/LaTeX/TeX Live/2019/texmf-dist/tex/latex/hyperref/puenc.def
File: puenc.def 2019/09/12 v6.88i Hyperref: PDF Unicode definition (HO)
Now handling font encoding PU ...
... no UTF-8 mapping file for font encoding PU
)
Package hyperref Info: Hyper figures OFF on input line 4550.
Package hyperref Info: Link nesting OFF on input line 4555.
Package hyperref Info: Hyper index ON on input line 4558.
Package hyperref Info: Plain pages OFF on input line 4565.
Package hyperref Info: Backreferencing OFF on input line 4570.
Package hyperref Info: Implicit mode ON; LaTeX internals redefined.
Package hyperref Info: Bookmarks ON on input line 4803.
\c@Hy@tempcnt=\count305

(e:/LaTeX/TeX Live/2019/texmf-dist/tex/latex/url/url.sty
\Urlmuskip=\muskip16
Package: url 2013/09/16  ver 3.4  Verb mode for urls, etc.
)
LaTeX Info: Redefining \url on input line 5156.
\XeTeXLinkMargin=\dimen190
\Fld@menulength=\count306
\Field@Width=\dimen191
\Fld@charsize=\dimen192
Package hyperref Info: Hyper figures OFF on input line 6411.
Package hyperref Info: Link nesting OFF on input line 6416.
Package hyperref Info: Hyper index ON on input line 6419.
Package hyperref Info: backreferencing OFF on input line 6426.
Package hyperref Info: Link coloring OFF on input line 6431.
Package hyperref Info: Link coloring with OCG OFF on input line 6436.
Package hyperref Info: PDF/A mode OFF on input line 6441.
LaTeX Info: Redefining \ref on input line 6481.
LaTeX Info: Redefining \pageref on input line 6485.
\Hy@abspage=\count307
\c@Item=\count308
\c@Hfootnote=\count309
)
(e:/LaTeX/TeX Live/2019/texmf-dist/tex/latex/memoir/memhfixc.sty
Package: memhfixc 2013/05/30 v1.17 nameref/hyperref package fixes for memoir cl
ass
\c@memhycontfloat=\count310
\c@Hpagenote=\count311
)
Package hyperref Info: Driver: hpdftex.

(e:/LaTeX/TeX Live/2019/texmf-dist/tex/latex/hyperref/hpdftex.def
File: hpdftex.def 2019/09/12 v6.88i Hyperref driver for pdfTeX
\Fld@listcount=\count312
\c@bookmark@seq@number=\count313

(e:/LaTeX/TeX Live/2019/texmf-dist/tex/latex/oberdiek/rerunfilecheck.sty
Package: rerunfilecheck 2016/05/16 v1.8 Rerun checks for auxiliary files (HO)
Package uniquecounter Info: New unique counter `rerunfilecheck' on input line 2
82.
)
\Hy@SectionHShift=\skip197
)
\@ensp=\skip198

(e:/LaTeX/TeX Live/2019/texmf-dist/tex/latex/kotex-oblivoir/memhangul-ucs/ob-to
clof.sty)
(e:/LaTeX/TeX Live/2019/texmf-dist/tex/latex/kotex-oblivoir/memhangul-ucs/ob-ko
reanappendix.sty))
HANGUL DRIVER: kotex-utf
)) (e:/LaTeX/TeX Live/2019/texmf-dist/tex/latex/cjk-ko/kotex.sty
Package: kotex 2015/04/19 v1.6 Korean TeX (ko.TeX)

(e:/LaTeX/TeX Live/2019/texmf-dist/tex/latex/kotex-utf/kotex.cfg))
(./CoperationResearch.aux)
\openout1 = `CoperationResearch.aux'.

LaTeX Font Info:    Checking defaults for OML/cmm/m/it on input line 9.
LaTeX Font Info:    ... okay on input line 9.
LaTeX Font Info:    Checking defaults for T1/cmr/m/n on input line 9.
LaTeX Font Info:    ... okay on input line 9.
LaTeX Font Info:    Checking defaults for OT1/cmr/m/n on input line 9.
LaTeX Font Info:    ... okay on input line 9.
LaTeX Font Info:    Checking defaults for OMS/cmsy/m/n on input line 9.
LaTeX Font Info:    ... okay on input line 9.
LaTeX Font Info:    Checking defaults for OMX/cmex/m/n on input line 9.
LaTeX Font Info:    ... okay on input line 9.
LaTeX Font Info:    Checking defaults for U/cmr/m/n on input line 9.
LaTeX Font Info:    ... okay on input line 9.
LaTeX Font Info:    Checking defaults for LUC/nanummj/m/n on input line 9.
LaTeX Font Info:    Try loading font information for LUC+nanummj on input line 
9.

(e:/LaTeX/TeX Live/2019/texmf-dist/tex/latex/nanumtype1/lucnanummj.fd
File: lucnanummj.fd 2013/02/12 v0.1 Nanum Myeongjo font definitions
)
LaTeX Font Info:    ... okay on input line 9.
LaTeX Font Info:    Checking defaults for PD1/pdf/m/n on input line 9.
LaTeX Font Info:    ... okay on input line 9.
LaTeX Font Info:    Checking defaults for PU/pdf/m/n on input line 9.
LaTeX Font Info:    ... okay on input line 9.
   defining Unicode char U+00B7 (decimal 183)

(e:/LaTeX/TeX Live/2019/texmf-dist/tex/latex/kotex-oblivoir/memhangul-ucs/memuc
s-gremph.sty
Package: memucs-gremph 
LaTeX Info: Redefining \itshape on input line 74.
LaTeX Info: Redefining \slshape on input line 78.
)
\AtBeginShipoutBox=\box53
Package hyperref Info: Link coloring OFF on input line 9.
 (e:/LaTeX/TeX Live/2019/texmf-dist/tex/latex/hyperref/nameref.sty
Package: nameref 2019/09/12 v2.45 Cross-referencing by name of section
(e:/LaTeX/TeX Live/2019/texmf-dist/tex/generic/oberdiek/gettitlestring.sty
Package: gettitlestring 2016/05/16 v1.5 Cleanup title references (HO)
)
\c@section@level=\count314
)
Redoing nameref's sectioning
Redoing nameref's label
LaTeX Info: Redefining \nameref on input line 9.
LaTeX Info: Redefining \ref on input line 9.
LaTeX Info: Redefining \pageref on input line 9.
LaTeX Info: Redefining \nameref on input line 9.
(./CoperationResearch.out) (./CoperationResearch.out)
\@outlinefile=\write4
\openout4 = `CoperationResearch.out'.

LaTeX Font Info:    External font `cmex10' loaded for size
(Font)              <10.95> on input line 11.
LaTeX Font Info:    External font `cmex10' loaded for size
(Font)              <8> on input line 11.
LaTeX Font Info:    External font `cmex10' loaded for size
(Font)              <6> on input line 11.
 [1

{e:/LaTeX/TeX Live/2019/texmf-var/fonts/map/pdftex/updmap/pdftex.map}] (./Coper
ationResearch.toc
LaTeX Font Info:    External font `cmex10' loaded for size
(Font)              <7> on input line 1.
LaTeX Font Info:    External font `cmex10' loaded for size
(Font)              <5> on input line 1.
)
[2] [3] [4]
\tf@toc=\write5
\openout5 = `CoperationResearch.toc'.

Package atveryend Info: Empty hook `BeforeClearDocument' on input line 63.
Package atveryend Info: Empty hook `AfterLastShipout' on input line 63.
 (./CoperationResearch.aux)
Package atveryend Info: Executing hook `AtVeryEndDocument' on input line 63.
Package atveryend Info: Executing hook `AtEndAfterFileList' on input line 63.
Package rerunfilecheck Info: File `CoperationResearch.out' has not changed.
(rerunfilecheck)             Checksum: 168D162A983BF292B1F57F9F74B9E6E8;1862.
Package atveryend Info: Empty hook `AtVeryVeryEnd' on input line 63.
 ) 
Here is how much of TeX's memory you used:
 22912 strings out of 494553
 387698 string characters out of 6177435
 455525 words of memory out of 5000000
 26242 multiletter control sequences out of 15000+600000
 568960 words of font info for 148 fonts, out of 8000000 for 9000
 14 hyphenation exceptions out of 8191
 69i,10n,69p,572b,538s stack positions out of 5000i,500n,10000p,200000b,80000s
<e:/LaTeX/TeX Live/2019/texmf-dist/fonts/type1/public/amsfonts/cm/cmbx10.pfb>
<e:/LaTeX/TeX Live/2019/texmf-dist/fonts/type1/public/amsfonts/cm/cmbx12.pfb><e
:/LaTeX/TeX Live/2019/texmf-dist/fonts/type1/public/amsfonts/cm/cmbx9.pfb><e:/L
aTeX/TeX Live/2019/texmf-dist/fonts/type1/public/amsfonts/cm/cmr10.pfb><e:/LaTe
X/TeX Live/2019/texmf-dist/fonts/type1/public/amsfonts/cm/cmr6.pfb><e:/LaTeX/Te
X Live/2019/texmf-dist/fonts/type1/public/amsfonts/cm/cmr7.pfb><e:/LaTeX/TeX Li
ve/2019/texmf-dist/fonts/type1/public/amsfonts/cm/cmr8.pfb><e:/LaTeX/TeX Live/2
019/texmf-dist/fonts/type1/public/amsfonts/cm/cmr9.pfb><e:/LaTeX/TeX Live/2019/
texmf-dist/fonts/type1/public/nanumtype1/nanummjbac.pfb><e:/LaTeX/TeX Live/2019
/texmf-dist/fonts/type1/public/nanumtype1/nanummjbae.pfb><e:/LaTeX/TeX Live/201
9/texmf-dist/fonts/type1/public/nanumtype1/nanummjbb1.pfb><e:/LaTeX/TeX Live/20
19/texmf-dist/fonts/type1/public/nanumtype1/nanummjbb3.pfb><e:/LaTeX/TeX Live/2
019/texmf-dist/fonts/type1/public/nanumtype1/nanummjbb7.pfb><e:/LaTeX/TeX Live/
2019/texmf-dist/fonts/type1/public/nanumtype1/nanummjbb8.pfb><e:/LaTeX/TeX Live
/2019/texmf-dist/fonts/type1/public/nanumtype1/nanummjbb9.pfb><e:/LaTeX/TeX Liv
e/2019/texmf-dist/fonts/type1/public/nanumtype1/nanummjbba.pfb><e:/LaTeX/TeX Li
ve/2019/texmf-dist/fonts/type1/public/nanumtype1/nanummjbbb.pfb><e:/LaTeX/TeX L
ive/2019/texmf-dist/fonts/type1/public/nanumtype1/nanummjbbc.pfb><e:/LaTeX/TeX 
Live/2019/texmf-dist/fonts/type1/public/nanumtype1/nanummjbbd.pfb><e:/LaTeX/TeX
 Live/2019/texmf-dist/fonts/type1/public/nanumtype1/nanummjbbe.pfb><e:/LaTeX/Te
X Live/2019/texmf-dist/fonts/type1/public/nanumtype1/nanummjbc0.pfb><e:/LaTeX/T
eX Live/2019/texmf-dist/fonts/type1/public/nanumtype1/nanummjbc1.pfb><e:/LaTeX/
TeX Live/2019/texmf-dist/fonts/type1/public/nanumtype1/nanummjbc2.pfb><e:/LaTeX
/TeX Live/2019/texmf-dist/fonts/type1/public/nanumtype1/nanummjbc5.pfb><e:/LaTe
X/TeX Live/2019/texmf-dist/fonts/type1/public/nanumtype1/nanummjbc6.pfb><e:/LaT
eX/TeX Live/2019/texmf-dist/fonts/type1/public/nanumtype1/nanummjbc7.pfb><e:/La
TeX/TeX Live/2019/texmf-dist/fonts/type1/public/nanumtype1/nanummjbc8.pfb><e:/L
aTeX/TeX Live/2019/texmf-dist/fonts/type1/public/nanumtype1/nanummjbcc.pfb><e:/
LaTeX/TeX Live/2019/texmf-dist/fonts/type1/public/nanumtype1/nanummjbcf.pfb><e:
/LaTeX/TeX Live/2019/texmf-dist/fonts/type1/public/nanumtype1/nanummjbd0.pfb><e
:/LaTeX/TeX Live/2019/texmf-dist/fonts/type1/public/nanumtype1/nanummjbd1.pfb><
e:/LaTeX/TeX Live/2019/texmf-dist/fonts/type1/public/nanumtype1/nanummjbd3.pfb>
<e:/LaTeX/TeX Live/2019/texmf-dist/fonts/type1/public/nanumtype1/nanummjbd5.pfb
><e:/LaTeX/TeX Live/2019/texmf-dist/fonts/type1/public/nanumtype1/nanummjbd6.pf
b><e:/LaTeX/TeX Live/2019/texmf-dist/fonts/type1/public/nanumtype1/nanummjmac.p
fb><e:/LaTeX/TeX Live/2019/texmf-dist/fonts/type1/public/nanumtype1/nanummjmad.
pfb><e:/LaTeX/TeX Live/2019/texmf-dist/fonts/type1/public/nanumtype1/nanummjmae
.pfb><e:/LaTeX/TeX Live/2019/texmf-dist/fonts/type1/public/nanumtype1/nanummjma
f.pfb><e:/LaTeX/TeX Live/2019/texmf-dist/fonts/type1/public/nanumtype1/nanummjm
b0.pfb><e:/LaTeX/TeX Live/2019/texmf-dist/fonts/type1/public/nanumtype1/nanummj
mb1.pfb><e:/LaTeX/TeX Live/2019/texmf-dist/fonts/type1/public/nanumtype1/nanumm
jmb2.pfb><e:/LaTeX/TeX Live/2019/texmf-dist/fonts/type1/public/nanumtype1/nanum
mjmb3.pfb><e:/LaTeX/TeX Live/2019/texmf-dist/fonts/type1/public/nanumtype1/nanu
mmjmb4.pfb><e:/LaTeX/TeX Live/2019/texmf-dist/fonts/type1/public/nanumtype1/nan
ummjmb7.pfb><e:/LaTeX/TeX Live/2019/texmf-dist/fonts/type1/public/nanumtype1/na
nummjmb8.pfb><e:/LaTeX/TeX Live/2019/texmf-dist/fonts/type1/public/nanumtype1/n
anummjmb9.pfb><e:/LaTeX/TeX Live/2019/texmf-dist/fonts/type1/public/nanumtype1/
nanummjmba.pfb><e:/LaTeX/TeX Live/2019/texmf-dist/fonts/type1/public/nanumtype1
/nanummjmbb.pfb><e:/LaTeX/TeX Live/2019/texmf-dist/fonts/type1/public/nanumtype
1/nanummjmbc.pfb><e:/LaTeX/TeX Live/2019/texmf-dist/fonts/type1/public/nanumtyp
e1/nanummjmbd.pfb><e:/LaTeX/TeX Live/2019/texmf-dist/fonts/type1/public/nanumty
pe1/nanummjmbe.pfb><e:/LaTeX/TeX Live/2019/texmf-dist/fonts/type1/public/nanumt
ype1/nanummjmc0.pfb><e:/LaTeX/TeX Live/2019/texmf-dist/fonts/type1/public/nanum
type1/nanummjmc1.pfb><e:/LaTeX/TeX Live/2019/texmf-dist/fonts/type1/public/nanu
mtype1/nanummjmc2.pfb><e:/LaTeX/TeX Live/2019/texmf-dist/fonts/type1/public/nan
umtype1/nanummjmc5.pfb><e:/LaTeX/TeX Live/2019/texmf-dist/fonts/type1/public/na
numtype1/nanummjmc6.pfb><e:/LaTeX/TeX Live/2019/texmf-dist/fonts/type1/public/n
anumtype1/nanummjmc7.pfb><e:/LaTeX/TeX Live/2019/texmf-dist/fonts/type1/public/
nanumtype1/nanummjmc8.pfb><e:/LaTeX/TeX Live/2019/texmf-dist/fonts/type1/public
/nanumtype1/nanummjmc9.pfb><e:/LaTeX/TeX Live/2019/texmf-dist/fonts/type1/publi
c/nanumtype1/nanummjmcc.pfb><e:/LaTeX/TeX Live/2019/texmf-dist/fonts/type1/publ
ic/nanumtype1/nanummjmcd.pfb><e:/LaTeX/TeX Live/2019/texmf-dist/fonts/type1/pub
lic/nanumtype1/nanummjmce.pfb><e:/LaTeX/TeX Live/2019/texmf-dist/fonts/type1/pu
blic/nanumtype1/nanummjmcf.pfb><e:/LaTeX/TeX Live/2019/texmf-dist/fonts/type1/p
ublic/nanumtype1/nanummjmd1.pfb><e:/LaTeX/TeX Live/2019/texmf-dist/fonts/type1/
public/nanumtype1/nanummjmd2.pfb><e:/LaTeX/TeX Live/2019/texmf-dist/fonts/type1
/public/nanumtype1/nanummjmd3.pfb><e:/LaTeX/TeX Live/2019/texmf-dist/fonts/type
1/public/nanumtype1/nanummjmd4.pfb><e:/LaTeX/TeX Live/2019/texmf-dist/fonts/typ
e1/public/nanumtype1/nanummjmd5.pfb><e:/LaTeX/TeX Live/2019/texmf-dist/fonts/ty
pe1/public/nanumtype1/nanummjmd6.pfb><e:/LaTeX/TeX Live/2019/texmf-dist/fonts/t
ype1/public/nanumtype1/nanummjmd7.pfb>
Output written on CoperationResearch.pdf (4 pages, 2546925 bytes).
PDF statistics:
 523 PDF objects out of 1000 (max. 8388607)
 336 compressed objects within 4 object streams
 26 named destinations out of 1000 (max. 500000)
 309 words of extra memory for PDF output out of 10000 (max. 10000000)

