\BOOKMARK [1][-]{section*.1}{\376\377\314\050\000\040\270\100}{}% 1
\BOOKMARK [1][-]{section.0.1}{\376\377\301\034\270\140}{}% 2
\BOOKMARK [2][-]{subsection.0.1.1}{\376\377\274\060\254\275\000\050\263\331\256\060\000\051\000\040\274\017\000\040\272\251\310\001}{section.0.1}% 3
\BOOKMARK [2][-]{subsection.0.1.2}{\376\377\310\010\314\050}{section.0.1}% 4
\BOOKMARK [2][-]{subsection.0.1.3}{\376\377\301\040\310\025\000\040\263\331\256\060\301\034}{section.0.1}% 5
\BOOKMARK [1][-]{section.0.2}{\376\377\301\040\325\211\000\040\310\160\300\254}{}% 6
\BOOKMARK [2][-]{subsection.0.2.1}{\376\377\256\060\305\305\000\040\254\034\306\224}{section.0.2}% 7
\BOOKMARK [2][-]{subsection.0.2.2}{\376\377\256\060\305\305\000\040\305\360\326\001}{section.0.2}% 8
\BOOKMARK [2][-]{subsection.0.2.3}{\376\377\256\060\305\305\000\040\276\104\310\004}{section.0.2}% 9
\BOOKMARK [2][-]{subsection.0.2.4}{\376\377\300\254\305\305\000\040\275\204\305\174}{section.0.2}% 10
\BOOKMARK [1][-]{section.0.3}{\376\377\274\370\270\140}{}% 11
\BOOKMARK [2][-]{subsection.0.3.1}{\376\377\274\051\274\225}{section.0.3}% 12
\BOOKMARK [2][-]{subsection.0.3.2}{\376\377\302\334\307\245\000\040\275\204\301\035}{section.0.3}% 13
\BOOKMARK [2][-]{subsection.0.3.3}{\376\377\326\130\254\275\000\040\275\204\301\035}{section.0.3}% 14
\BOOKMARK [2][-]{subsection.0.3.4}{\376\377\254\275\307\301\300\254\000\040\275\204\301\035}{section.0.3}% 15
\BOOKMARK [2][-]{subsection.0.3.5}{\376\377\271\310\317\000\323\005\000\040\275\204\301\035}{section.0.3}% 16
\BOOKMARK [2][-]{subsection.0.3.6}{\376\377\307\254\273\064\000\040\275\204\301\035}{section.0.3}% 17
\BOOKMARK [2][-]{subsection.0.3.7}{\376\377\310\374\254\000\000\040\275\204\301\035}{section.0.3}% 18
\BOOKMARK [1][-]{section.0.4}{\376\377\254\260\270\140}{}% 19
\BOOKMARK [1][-]{section.0.5}{\376\377\270\010\323\174\267\360\302\244}{}% 20
